10 10
.........T
XX...XX...
X.........
XXXXXXX...
....XG....
XX..XGX...
....XXX...
XX...XX.K.
S.........
XX...XX...
GHOSTS DIRECTIONS
RIGHT RIGHT 
STEP0
pacman: 9 1
ghost0: 5 7
ghost1: 6 6
STEP1
pacman: 9 1
ghost0: 5 8
ghost1: 6 6
STEP2
pacman: 9 1
ghost0: 6 8
ghost1: 6 6
STEP3
pacman: 9 1
ghost0: 7 8
ghost1: 6 6
STEP4
pacman: 9 1
ghost0: 8 8
ghost1: 6 6
STEP5
pacman: 9 2
ghost0: 9 8
ghost1: 6 6
STEP6
pacman: 9 3
ghost0: 9 9
ghost1: 6 6
STEP7
pacman: 9 3
ghost0: 9 9
ghost1: 5 6
STEP8
pacman: 9 3
ghost0: 9 10
ghost1: 5 6
STEP9
pacman: 9 4
ghost0: 10 10
ghost1: 5 6
STEP10
pacman: 9 6
ghost0: 10 10
ghost1: 5 7
STEP11
pacman: 9 7
ghost0: 10 9
ghost1: 5 7
STEP12
pacman: 9 7
ghost0: 10 9
ghost1: 5 8
STEP13
pacman: 9 8
ghost0: 10 10
ghost1: 5 8
STEP14
pacman: 9 8
ghost0: 10 10
ghost1: 5 9
STEP15
pacman: 9 9
ghost0: 10 10
ghost1: 5 8
STEP16
pacman: 8 9
ghost0: 10 9
ghost1: 5 8
STEP17
pacman: 8 9
ghost0: 10 9
ghost1: 5 7
STEP18
pacman: 7 9
ghost0: 10 8
ghost1: 5 7
STEP19
pacman: 7 9
ghost0: 10 8
ghost1: 5 6
STEP20
pacman: 4 9
ghost0: 9 8
ghost1: 5 6
STEP21
pacman: 3 9
ghost0: 8 8
ghost1: 5 6
STEP22
pacman: 3 9
ghost0: 8 8
ghost1: 6 6
STEP23
pacman: 2 9
ghost0: 7 8
ghost1: 6 6
STEP24
pacman: 2 9
ghost0: 7 8
ghost1: 5 6
STEP25
pacman: 1 10
ghost0: 6 8
ghost1: 5 6
