MAP
10 10
.........T
##...##...
#.........
#######...
....#G....
##..#G#...
....###...
##...##.K.
S.........
##...##...
STEP0
pacman: 9 1
ghost0: 5 7
ghost1: 6 6
STEP1
pacman: 9 1
ghost0: 5 8
ghost1: 6 6
STEP2
pacman: 9 2
ghost0: 5 9
ghost1: 6 6
STEP3
pacman: 9 2
ghost0: 5 9
ghost1: 5 6
STEP4
pacman: 9 3
ghost0: 5 10
ghost1: 5 6
STEP5
pacman: 9 4
ghost0: 4 10
ghost1: 5 6
STEP6
pacman: 9 4
ghost0: 4 10
ghost1: 6 6
STEP7
pacman: 9 6
ghost0: 3 10
ghost1: 6 6
STEP8
pacman: 9 7
ghost0: 2 10
ghost1: 6 6
STEP9
pacman: 9 8
ghost0: 1 10
ghost1: 6 6
STEP10
pacman: 7 9
ghost0: 2 10
ghost1: 6 6
STEP11
pacman: 7 9
ghost0: 2 10
ghost1: 5 6
STEP12
pacman: 5 9
ghost0: 3 10
ghost1: 5 6
STEP13
pacman: 4 9
ghost0: 4 10
ghost1: 5 6
STEP14
pacman: 4 9
ghost0: 4 10
ghost1: 5 7
STEP15
pacman: 3 9
ghost0: 5 10
ghost1: 5 7
STEP16
pacman: 3 9
ghost0: 5 10
ghost1: 5 6
STEP17
pacman: 1 9
ghost0: 5 10
ghost1: 5 7
STEP18
pacman: 1 9
ghost0: 5 10
ghost1: 5 6
