10 10
.........T
XX...XX...
X.........
XXXXXXX...
....XG....
XX..XGX...
....XXX...
XX...XX.K.
S.........
XX...XX...
GHOSTS DIRECTIONS
RIGHT RIGHT 
PACMANLIVES
3
STEP0
pacman: 9 1
ghost0: 5 7
ghost1: 6 6
STEP1
pacman: 9 1
ghost0: 5 8
ghost1: 6 6
STEP2
pacman: 9 1
ghost0: 5 9
ghost1: 6 6
STEP3
pacman: 9 2
ghost0: 5 9
ghost1: 6 6
STEP4
pacman: 9 2
ghost0: 4 9
ghost1: 6 6
STEP5
pacman: 9 3
ghost0: 4 9
ghost1: 6 6
STEP6
pacman: 9 3
ghost0: 3 9
ghost1: 6 6
STEP7
pacman: 9 4
ghost0: 3 9
ghost1: 6 6
STEP8
pacman: 9 4
ghost0: 2 9
ghost1: 6 6
STEP9
pacman: 9 4
ghost0: 2 9
ghost1: 5 6
STEP10
pacman: 9 5
ghost0: 2 9
ghost1: 5 6
STEP11
pacman: 9 5
ghost0: 2 8
ghost1: 5 6
STEP12
pacman: 9 6
ghost0: 2 8
ghost1: 5 6
STEP13
pacman: 9 7
ghost0: 2 8
ghost1: 5 6
STEP14
pacman: 9 8
ghost0: 2 8
ghost1: 5 6
STEP15
pacman: 9 8
ghost0: 1 8
ghost1: 5 6
STEP16
pacman: 9 8
ghost0: 1 8
ghost1: 6 6
STEP17
pacman: 9 9
ghost0: 1 8
ghost1: 6 6
STEP18
pacman: 8 9
ghost0: 1 8
ghost1: 6 6
STEP19
pacman: 8 9
ghost0: 1 9
ghost1: 6 6
STEP20
pacman: 7 9
ghost0: 1 9
ghost1: 6 6
STEP21
pacman: 7 9
ghost0: 1 10
ghost1: 6 6
STEP22
pacman: 6 9
ghost0: 1 10
ghost1: 6 6
STEP23
pacman: 5 9
ghost0: 1 10
ghost1: 6 6
STEP24
pacman: 5 9
ghost0: 1 9
ghost1: 6 6
STEP25
pacman: 4 9
ghost0: 1 9
ghost1: 6 6
STEP26
pacman: 4 9
ghost0: 1 8
ghost1: 6 6
STEP27
pacman: 3 9
ghost0: 1 8
ghost1: 6 6
STEP28
pacman: 2 9
ghost0: 1 8
ghost1: 6 6
STEP29
pacman: 2 9
ghost0: 1 7
ghost1: 6 6
STEP30
pacman: 2 10
ghost0: 1 7
ghost1: 6 6
STEP31
pacman: 1 10
ghost0: 1 7
ghost1: 6 6
STEP32
pacman: 1 10
ghost0: 1 6
ghost1: 6 6
